         1.0000000000     reading... /eos/atlas/atlascerngroupdisk/phys-higgs/HSG2/Hllvv/Run2/minitrees_rel75/data15/Nominal/data15_13TeV.periodD1.physics_Main.PhysCont.DAOD_HIGG2D1.grp15_v01_p3917.root
         1.0000000000     reading... /eos/atlas/atlascerngroupdisk/phys-higgs/HSG2/Hllvv/Run2/minitrees_rel75/data15/Nominal/data15_13TeV.periodD2.physics_Main.PhysCont.DAOD_HIGG2D1.grp15_v01_p3917.root
         1.0000000000     reading... /eos/atlas/atlascerngroupdisk/phys-higgs/HSG2/Hllvv/Run2/minitrees_rel75/data15/Nominal/data15_13TeV.periodD3.physics_Main.PhysCont.DAOD_HIGG2D1.grp15_v01_p3917.root
         1.0000000000     reading... /eos/atlas/atlascerngroupdisk/phys-higgs/HSG2/Hllvv/Run2/minitrees_rel75/data15/Nominal/data15_13TeV.periodD4.physics_Main.PhysCont.DAOD_HIGG2D1.grp15_v01_p3917.root
         1.0000000000     reading... /eos/atlas/atlascerngroupdisk/phys-higgs/HSG2/Hllvv/Run2/minitrees_rel75/data15/Nominal/data15_13TeV.periodD6.physics_Main.PhysCont.DAOD_HIGG2D1.grp15_v01_p3917.root
         1.0000000000     reading... /eos/atlas/atlascerngroupdisk/phys-higgs/HSG2/Hllvv/Run2/minitrees_rel75/data15/Nominal/data15_13TeV.periodE.physics_Main.PhysCont.DAOD_HIGG2D1.grp15_v01_p3917.root
         1.0000000000     reading... /eos/atlas/atlascerngroupdisk/phys-higgs/HSG2/Hllvv/Run2/minitrees_rel75/data15/Nominal/data15_13TeV.periodF.physics_Main.PhysCont.DAOD_HIGG2D1.grp15_v01_p3917.root
         1.0000000000     reading... /eos/atlas/atlascerngroupdisk/phys-higgs/HSG2/Hllvv/Run2/minitrees_rel75/data15/Nominal/data15_13TeV.periodG.physics_Main.PhysCont.DAOD_HIGG2D1.grp15_v01_p3917.root
         1.0000000000     reading... /eos/atlas/atlascerngroupdisk/phys-higgs/HSG2/Hllvv/Run2/minitrees_rel75/data15/Nominal/data15_13TeV.periodH.physics_Main.PhysCont.DAOD_HIGG2D1.grp15_v01_p3917.root
         1.0000000000     reading... /eos/atlas/atlascerngroupdisk/phys-higgs/HSG2/Hllvv/Run2/minitrees_rel75/data15/Nominal/data15_13TeV.periodJ.physics_Main.PhysCont.DAOD_HIGG2D1.grp15_v01_p3917.root
         1.0000000000     reading... /eos/atlas/atlascerngroupdisk/phys-higgs/HSG2/Hllvv/Run2/minitrees_rel75/data16/Nominal/data16_13TeV.periodA.physics_Main.PhysCont.DAOD_HIGG2D1.grp16_v01_p3917.root
         1.0000000000     reading... /eos/atlas/atlascerngroupdisk/phys-higgs/HSG2/Hllvv/Run2/minitrees_rel75/data16/Nominal/data16_13TeV.periodB.physics_Main.PhysCont.DAOD_HIGG2D1.grp16_v01_p3917.root
         1.0000000000     reading... /eos/atlas/atlascerngroupdisk/phys-higgs/HSG2/Hllvv/Run2/minitrees_rel75/data16/Nominal/data16_13TeV.periodC.physics_Main.PhysCont.DAOD_HIGG2D1.grp16_v01_p3917.root
         1.0000000000     reading... /eos/atlas/atlascerngroupdisk/phys-higgs/HSG2/Hllvv/Run2/minitrees_rel75/data16/Nominal/data16_13TeV.periodD.physics_Main.PhysCont.DAOD_HIGG2D1.grp16_v01_p3917.root
         1.0000000000     reading... /eos/atlas/atlascerngroupdisk/phys-higgs/HSG2/Hllvv/Run2/minitrees_rel75/data16/Nominal/data16_13TeV.periodE.physics_Main.PhysCont.DAOD_HIGG2D1.grp16_v01_p3917.root
         1.0000000000     reading... /eos/atlas/atlascerngroupdisk/phys-higgs/HSG2/Hllvv/Run2/minitrees_rel75/data16/Nominal/data16_13TeV.periodF.physics_Main.PhysCont.DAOD_HIGG2D1.grp16_v01_p3917.root
         1.0000000000     reading... /eos/atlas/atlascerngroupdisk/phys-higgs/HSG2/Hllvv/Run2/minitrees_rel75/data16/Nominal/data16_13TeV.periodG.physics_Main.PhysCont.DAOD_HIGG2D1.grp16_v01_p3917.root
         1.0000000000     reading... /eos/atlas/atlascerngroupdisk/phys-higgs/HSG2/Hllvv/Run2/minitrees_rel75/data16/Nominal/data16_13TeV.periodI.physics_Main.PhysCont.DAOD_HIGG2D1.grp16_v01_p3917.root
         1.0000000000     reading... /eos/atlas/atlascerngroupdisk/phys-higgs/HSG2/Hllvv/Run2/minitrees_rel75/data16/Nominal/data16_13TeV.periodK.physics_Main.PhysCont.DAOD_HIGG2D1.grp16_v01_p3917.root
         1.0000000000     reading... /eos/atlas/atlascerngroupdisk/phys-higgs/HSG2/Hllvv/Run2/minitrees_rel75/data16/Nominal/data16_13TeV.periodL.physics_Main.PhysCont.DAOD_HIGG2D1.grp16_v01_p3917.root
         1.0000000000     reading... /eos/atlas/atlascerngroupdisk/phys-higgs/HSG2/Hllvv/Run2/minitrees_rel75/data17/Nominal/data17_13TeV.periodB.physics_Main.PhysCont.DAOD_HIGG2D1.grp17_v01_p3917.root
         1.0000000000     reading... /eos/atlas/atlascerngroupdisk/phys-higgs/HSG2/Hllvv/Run2/minitrees_rel75/data17/Nominal/data17_13TeV.periodC.physics_Main.PhysCont.DAOD_HIGG2D1.grp17_v01_p3917.root
         1.0000000000     reading... /eos/atlas/atlascerngroupdisk/phys-higgs/HSG2/Hllvv/Run2/minitrees_rel75/data17/Nominal/data17_13TeV.periodD.physics_Main.PhysCont.DAOD_HIGG2D1.grp17_v01_p3917.root
         1.0000000000     reading... /eos/atlas/atlascerngroupdisk/phys-higgs/HSG2/Hllvv/Run2/minitrees_rel75/data17/Nominal/data17_13TeV.periodE.physics_Main.PhysCont.DAOD_HIGG2D1.grp17_v01_p3917.root
         1.0000000000     reading... /eos/atlas/atlascerngroupdisk/phys-higgs/HSG2/Hllvv/Run2/minitrees_rel75/data17/Nominal/data17_13TeV.periodF.physics_Main.PhysCont.DAOD_HIGG2D1.grp17_v01_p3917.root
         1.0000000000     reading... /eos/atlas/atlascerngroupdisk/phys-higgs/HSG2/Hllvv/Run2/minitrees_rel75/data17/Nominal/data17_13TeV.periodH.physics_Main.PhysCont.DAOD_HIGG2D1.grp17_v01_p3917.root
         1.0000000000     reading... /eos/atlas/atlascerngroupdisk/phys-higgs/HSG2/Hllvv/Run2/minitrees_rel75/data17/Nominal/data17_13TeV.periodI.physics_Main.PhysCont.DAOD_HIGG2D1.grp17_v01_p3917.root
         1.0000000000     reading... /eos/atlas/atlascerngroupdisk/phys-higgs/HSG2/Hllvv/Run2/minitrees_rel75/data17/Nominal/data17_13TeV.periodK.physics_Main.PhysCont.DAOD_HIGG2D1.grp17_v01_p3917.root
         1.0000000000     reading... /eos/atlas/atlascerngroupdisk/phys-higgs/HSG2/Hllvv/Run2/minitrees_rel75/data18/Nominal/data18_13TeV.periodB.physics_Main.PhysCont.DAOD_HIGG2D1.grp18_v01_p3917.root
         1.0000000000     reading... /eos/atlas/atlascerngroupdisk/phys-higgs/HSG2/Hllvv/Run2/minitrees_rel75/data18/Nominal/data18_13TeV.periodC.physics_Main.PhysCont.DAOD_HIGG2D1.grp18_v01_p3917.root
         1.0000000000     reading... /eos/atlas/atlascerngroupdisk/phys-higgs/HSG2/Hllvv/Run2/minitrees_rel75/data18/Nominal/data18_13TeV.periodD.physics_Main.PhysCont.DAOD_HIGG2D1.grp18_v01_p3917.root
         1.0000000000     reading... /eos/atlas/atlascerngroupdisk/phys-higgs/HSG2/Hllvv/Run2/minitrees_rel75/data18/Nominal/data18_13TeV.periodF.physics_Main.PhysCont.DAOD_HIGG2D1.grp18_v01_p3917.root
         1.0000000000     reading... /eos/atlas/atlascerngroupdisk/phys-higgs/HSG2/Hllvv/Run2/minitrees_rel75/data18/Nominal/data18_13TeV.periodI.physics_Main.PhysCont.DAOD_HIGG2D1.grp18_v01_p3917.root
         1.0000000000     reading... /eos/atlas/atlascerngroupdisk/phys-higgs/HSG2/Hllvv/Run2/minitrees_rel75/data18/Nominal/data18_13TeV.periodK.physics_Main.PhysCont.DAOD_HIGG2D1.grp18_v01_p3917.root
         1.0000000000     reading... /eos/atlas/atlascerngroupdisk/phys-higgs/HSG2/Hllvv/Run2/minitrees_rel75/data18/Nominal/data18_13TeV.periodL.physics_Main.PhysCont.DAOD_HIGG2D1.grp18_v01_p3917.root
         1.0000000000     reading... /eos/atlas/atlascerngroupdisk/phys-higgs/HSG2/Hllvv/Run2/minitrees_rel75/data18/Nominal/data18_13TeV.periodM.physics_Main.PhysCont.DAOD_HIGG2D1.grp18_v01_p3917.root
         1.0000000000     reading... /eos/atlas/atlascerngroupdisk/phys-higgs/HSG2/Hllvv/Run2/minitrees_rel75/data18/Nominal/data18_13TeV.periodO.physics_Main.PhysCont.DAOD_HIGG2D1.grp18_v01_p3917.root
         1.0000000000     reading... /eos/atlas/atlascerngroupdisk/phys-higgs/HSG2/Hllvv/Run2/minitrees_rel75/data18/Nominal/data18_13TeV.periodQ.physics_Main.PhysCont.DAOD_HIGG2D1.grp18_v01_p3917.root
         1.0000000000     reading... /eos/atlas/atlascerngroupdisk/phys-higgs/HSG2/Hllvv/Run2/minitrees_rel75/data15/Background/data15_13TeV.periodD1.physics_Main.PhysCont.DAOD_HIGG2D1.grp15_v01_p3917_CR.root
         1.0000000000     reading... /eos/atlas/atlascerngroupdisk/phys-higgs/HSG2/Hllvv/Run2/minitrees_rel75/data15/Background/data15_13TeV.periodD2.physics_Main.PhysCont.DAOD_HIGG2D1.grp15_v01_p3917_CR.root
         1.0000000000     reading... /eos/atlas/atlascerngroupdisk/phys-higgs/HSG2/Hllvv/Run2/minitrees_rel75/data15/Background/data15_13TeV.periodD3.physics_Main.PhysCont.DAOD_HIGG2D1.grp15_v01_p3917_CR.root
         1.0000000000     reading... /eos/atlas/atlascerngroupdisk/phys-higgs/HSG2/Hllvv/Run2/minitrees_rel75/data15/Background/data15_13TeV.periodD4.physics_Main.PhysCont.DAOD_HIGG2D1.grp15_v01_p3917_CR.root
         1.0000000000     reading... /eos/atlas/atlascerngroupdisk/phys-higgs/HSG2/Hllvv/Run2/minitrees_rel75/data15/Background/data15_13TeV.periodD6.physics_Main.PhysCont.DAOD_HIGG2D1.grp15_v01_p3917_CR.root
         1.0000000000     reading... /eos/atlas/atlascerngroupdisk/phys-higgs/HSG2/Hllvv/Run2/minitrees_rel75/data15/Background/data15_13TeV.periodE.physics_Main.PhysCont.DAOD_HIGG2D1.grp15_v01_p3917_CR.root
         1.0000000000     reading... /eos/atlas/atlascerngroupdisk/phys-higgs/HSG2/Hllvv/Run2/minitrees_rel75/data15/Background/data15_13TeV.periodF.physics_Main.PhysCont.DAOD_HIGG2D1.grp15_v01_p3917_CR.root
         1.0000000000     reading... /eos/atlas/atlascerngroupdisk/phys-higgs/HSG2/Hllvv/Run2/minitrees_rel75/data15/Background/data15_13TeV.periodG.physics_Main.PhysCont.DAOD_HIGG2D1.grp15_v01_p3917_CR.root
         1.0000000000     reading... /eos/atlas/atlascerngroupdisk/phys-higgs/HSG2/Hllvv/Run2/minitrees_rel75/data15/Background/data15_13TeV.periodH.physics_Main.PhysCont.DAOD_HIGG2D1.grp15_v01_p3917_CR.root
         1.0000000000     reading... /eos/atlas/atlascerngroupdisk/phys-higgs/HSG2/Hllvv/Run2/minitrees_rel75/data15/Background/data15_13TeV.periodJ.physics_Main.PhysCont.DAOD_HIGG2D1.grp15_v01_p3917_CR.root
         1.0000000000     reading... /eos/atlas/atlascerngroupdisk/phys-higgs/HSG2/Hllvv/Run2/minitrees_rel75/data16/Background/data16_13TeV.periodA.physics_Main.PhysCont.DAOD_HIGG2D1.grp16_v01_p3917_CR.root
         1.0000000000     reading... /eos/atlas/atlascerngroupdisk/phys-higgs/HSG2/Hllvv/Run2/minitrees_rel75/data16/Background/data16_13TeV.periodB.physics_Main.PhysCont.DAOD_HIGG2D1.grp16_v01_p3917_CR.root
         1.0000000000     reading... /eos/atlas/atlascerngroupdisk/phys-higgs/HSG2/Hllvv/Run2/minitrees_rel75/data16/Background/data16_13TeV.periodC.physics_Main.PhysCont.DAOD_HIGG2D1.grp16_v01_p3917_CR.root
         1.0000000000     reading... /eos/atlas/atlascerngroupdisk/phys-higgs/HSG2/Hllvv/Run2/minitrees_rel75/data16/Background/data16_13TeV.periodD.physics_Main.PhysCont.DAOD_HIGG2D1.grp16_v01_p3917_CR.root
         1.0000000000     reading... /eos/atlas/atlascerngroupdisk/phys-higgs/HSG2/Hllvv/Run2/minitrees_rel75/data16/Background/data16_13TeV.periodE.physics_Main.PhysCont.DAOD_HIGG2D1.grp16_v01_p3917_CR.root
         1.0000000000     reading... /eos/atlas/atlascerngroupdisk/phys-higgs/HSG2/Hllvv/Run2/minitrees_rel75/data16/Background/data16_13TeV.periodF.physics_Main.PhysCont.DAOD_HIGG2D1.grp16_v01_p3917_CR.root
         1.0000000000     reading... /eos/atlas/atlascerngroupdisk/phys-higgs/HSG2/Hllvv/Run2/minitrees_rel75/data16/Background/data16_13TeV.periodG.physics_Main.PhysCont.DAOD_HIGG2D1.grp16_v01_p3917_CR.root
         1.0000000000     reading... /eos/atlas/atlascerngroupdisk/phys-higgs/HSG2/Hllvv/Run2/minitrees_rel75/data16/Background/data16_13TeV.periodI.physics_Main.PhysCont.DAOD_HIGG2D1.grp16_v01_p3917_CR.root
         1.0000000000     reading... /eos/atlas/atlascerngroupdisk/phys-higgs/HSG2/Hllvv/Run2/minitrees_rel75/data16/Background/data16_13TeV.periodK.physics_Main.PhysCont.DAOD_HIGG2D1.grp16_v01_p3917_CR.root
         1.0000000000     reading... /eos/atlas/atlascerngroupdisk/phys-higgs/HSG2/Hllvv/Run2/minitrees_rel75/data16/Background/data16_13TeV.periodL.physics_Main.PhysCont.DAOD_HIGG2D1.grp16_v01_p3917_CR.root
         1.0000000000     reading... /eos/atlas/atlascerngroupdisk/phys-higgs/HSG2/Hllvv/Run2/minitrees_rel75/data17/Background/data17_13TeV.periodB.physics_Main.PhysCont.DAOD_HIGG2D1.grp17_v01_p3917_CR.root
         1.0000000000     reading... /eos/atlas/atlascerngroupdisk/phys-higgs/HSG2/Hllvv/Run2/minitrees_rel75/data17/Background/data17_13TeV.periodC.physics_Main.PhysCont.DAOD_HIGG2D1.grp17_v01_p3917_CR.root
         1.0000000000     reading... /eos/atlas/atlascerngroupdisk/phys-higgs/HSG2/Hllvv/Run2/minitrees_rel75/data17/Background/data17_13TeV.periodD.physics_Main.PhysCont.DAOD_HIGG2D1.grp17_v01_p3917_CR.root
         1.0000000000     reading... /eos/atlas/atlascerngroupdisk/phys-higgs/HSG2/Hllvv/Run2/minitrees_rel75/data17/Background/data17_13TeV.periodE.physics_Main.PhysCont.DAOD_HIGG2D1.grp17_v01_p3917_CR.root
         1.0000000000     reading... /eos/atlas/atlascerngroupdisk/phys-higgs/HSG2/Hllvv/Run2/minitrees_rel75/data17/Background/data17_13TeV.periodF.physics_Main.PhysCont.DAOD_HIGG2D1.grp17_v01_p3917_CR.root
         1.0000000000     reading... /eos/atlas/atlascerngroupdisk/phys-higgs/HSG2/Hllvv/Run2/minitrees_rel75/data17/Background/data17_13TeV.periodH.physics_Main.PhysCont.DAOD_HIGG2D1.grp17_v01_p3917_CR.root
         1.0000000000     reading... /eos/atlas/atlascerngroupdisk/phys-higgs/HSG2/Hllvv/Run2/minitrees_rel75/data17/Background/data17_13TeV.periodI.physics_Main.PhysCont.DAOD_HIGG2D1.grp17_v01_p3917_CR.root
         1.0000000000     reading... /eos/atlas/atlascerngroupdisk/phys-higgs/HSG2/Hllvv/Run2/minitrees_rel75/data17/Background/data17_13TeV.periodK.physics_Main.PhysCont.DAOD_HIGG2D1.grp17_v01_p3917_CR.root
         1.0000000000     reading... /eos/atlas/atlascerngroupdisk/phys-higgs/HSG2/Hllvv/Run2/minitrees_rel75/data18/Background/data18_13TeV.periodB.physics_Main.PhysCont.DAOD_HIGG2D1.grp18_v01_p3917_CR.root
         1.0000000000     reading... /eos/atlas/atlascerngroupdisk/phys-higgs/HSG2/Hllvv/Run2/minitrees_rel75/data18/Background/data18_13TeV.periodC.physics_Main.PhysCont.DAOD_HIGG2D1.grp18_v01_p3917_CR.root
         1.0000000000     reading... /eos/atlas/atlascerngroupdisk/phys-higgs/HSG2/Hllvv/Run2/minitrees_rel75/data18/Background/data18_13TeV.periodD.physics_Main.PhysCont.DAOD_HIGG2D1.grp18_v01_p3917_CR.root
         1.0000000000     reading... /eos/atlas/atlascerngroupdisk/phys-higgs/HSG2/Hllvv/Run2/minitrees_rel75/data18/Background/data18_13TeV.periodF.physics_Main.PhysCont.DAOD_HIGG2D1.grp18_v01_p3917_CR.root
         1.0000000000     reading... /eos/atlas/atlascerngroupdisk/phys-higgs/HSG2/Hllvv/Run2/minitrees_rel75/data18/Background/data18_13TeV.periodI.physics_Main.PhysCont.DAOD_HIGG2D1.grp18_v01_p3917_CR.root
         1.0000000000     reading... /eos/atlas/atlascerngroupdisk/phys-higgs/HSG2/Hllvv/Run2/minitrees_rel75/data18/Background/data18_13TeV.periodK.physics_Main.PhysCont.DAOD_HIGG2D1.grp18_v01_p3917_CR.root
         1.0000000000     reading... /eos/atlas/atlascerngroupdisk/phys-higgs/HSG2/Hllvv/Run2/minitrees_rel75/data18/Background/data18_13TeV.periodL.physics_Main.PhysCont.DAOD_HIGG2D1.grp18_v01_p3917_CR.root
         1.0000000000     reading... /eos/atlas/atlascerngroupdisk/phys-higgs/HSG2/Hllvv/Run2/minitrees_rel75/data18/Background/data18_13TeV.periodM.physics_Main.PhysCont.DAOD_HIGG2D1.grp18_v01_p3917_CR.root
         1.0000000000     reading... /eos/atlas/atlascerngroupdisk/phys-higgs/HSG2/Hllvv/Run2/minitrees_rel75/data18/Background/data18_13TeV.periodO.physics_Main.PhysCont.DAOD_HIGG2D1.grp18_v01_p3917_CR.root
         1.0000000000     reading... /eos/atlas/atlascerngroupdisk/phys-higgs/HSG2/Hllvv/Run2/minitrees_rel75/data18/Background/data18_13TeV.periodQ.physics_Main.PhysCont.DAOD_HIGG2D1.grp18_v01_p3917_CR.root
        -0.0748934224     reading... /eos/atlas/atlascerngroupdisk/phys-higgs/HSG2/Hllvv/Run2/minitrees_rel75/mc16a/Systematics_Background/weightSyst/mc16_13TeV.345666.Sherpa_222_NNPDF30NNLO_llvvZZ.deriv.DAOD_HIGG2D1.e6240_s3126_r9364_p3872_CR.root
        -0.0005277747     reading... /eos/atlas/atlascerngroupdisk/phys-higgs/HSG2/Hllvv/Run2/minitrees_rel75/mc16a/Systematics_Background/weightSyst/mc16_13TeV.345706.Sherpa_222_NNPDF30NNLO_ggllll_130M4l.deriv.DAOD_HIGG2D1.e6213_s3126_r9364_p3872_CR.root
        -0.0065546995     reading... /eos/atlas/atlascerngroupdisk/phys-higgs/HSG2/Hllvv/Run2/minitrees_rel75/mc16a/Systematics_Background/weightSyst/mc16_13TeV.345723.Sherpa_222_NNPDF30NNLO_ggllvvZZ.deriv.DAOD_HIGG2D1.e6213_s3126_r9364_p3872_CR.root
        -0.0228782538     reading... /eos/atlas/atlascerngroupdisk/phys-higgs/HSG2/Hllvv/Run2/minitrees_rel75/mc16a/Systematics_Background/weightSyst/mc16_13TeV.363356.Sherpa_221_NNPDF30NNLO_ZqqZll.deriv.DAOD_HIGG2D1.e5525_s3126_r9364_p3870_CR.root
        -0.4882596731     reading... /eos/atlas/atlascerngroupdisk/phys-higgs/HSG2/Hllvv/Run2/minitrees_rel75/mc16a/Systematics_Background/weightSyst/mc16_13TeV.363358.Sherpa_221_NNPDF30NNLO_WqqZll.deriv.DAOD_HIGG2D1.e5525_s3126_r9364_p3870_CR.root
       -10.7065362930     reading... /eos/atlas/atlascerngroupdisk/phys-higgs/HSG2/Hllvv/Run2/minitrees_rel75/mc16a/Systematics_Background/weightSyst/mc16_13TeV.364100.Sherpa_221_NNPDF30NNLO_Zmumu_MAXHTPTV0_70_CVetoBVeto.deriv.DAOD_HIGG2D1.e5271_s3126_r9364_p3870_CR.root
        -2.7484819889     reading... /eos/atlas/atlascerngroupdisk/phys-higgs/HSG2/Hllvv/Run2/minitrees_rel75/mc16a/Systematics_Background/weightSyst/mc16_13TeV.364101.Sherpa_221_NNPDF30NNLO_Zmumu_MAXHTPTV0_70_CFilterBVeto.deriv.DAOD_HIGG2D1.e5271_s3126_r9364_p3870_CR.root
        -1.0889142752     reading... /eos/atlas/atlascerngroupdisk/phys-higgs/HSG2/Hllvv/Run2/minitrees_rel75/mc16a/Systematics_Background/weightSyst/mc16_13TeV.364102.Sherpa_221_NNPDF30NNLO_Zmumu_MAXHTPTV0_70_BFilter.deriv.DAOD_HIGG2D1.e5271_s3126_r9364_p3870_CR.root
        -1.2217316628     reading... /eos/atlas/atlascerngroupdisk/phys-higgs/HSG2/Hllvv/Run2/minitrees_rel75/mc16a/Systematics_Background/weightSyst/mc16_13TeV.364103.Sherpa_221_NNPDF30NNLO_Zmumu_MAXHTPTV70_140_CVetoBVeto.deriv.DAOD_HIGG2D1.e5271_s3126_r9364_p3870_CR.root
        -0.9801784158     reading... /eos/atlas/atlascerngroupdisk/phys-higgs/HSG2/Hllvv/Run2/minitrees_rel75/mc16a/Systematics_Background/weightSyst/mc16_13TeV.364104.Sherpa_221_NNPDF30NNLO_Zmumu_MAXHTPTV70_140_CFilterBVeto.deriv.DAOD_HIGG2D1.e5271_s3126_r9364_p3870_CR.root
        -0.2099226862     reading... /eos/atlas/atlascerngroupdisk/phys-higgs/HSG2/Hllvv/Run2/minitrees_rel75/mc16a/Systematics_Background/weightSyst/mc16_13TeV.364105.Sherpa_221_NNPDF30NNLO_Zmumu_MAXHTPTV70_140_BFilter.deriv.DAOD_HIGG2D1.e5271_s3126_r9364_p3870_CR.root
        -0.2881222665     reading... /eos/atlas/atlascerngroupdisk/phys-higgs/HSG2/Hllvv/Run2/minitrees_rel75/mc16a/Systematics_Background/weightSyst/mc16_13TeV.364106.Sherpa_221_NNPDF30NNLO_Zmumu_MAXHTPTV140_280_CVetoBVeto.deriv.DAOD_HIGG2D1.e5271_s3126_r9364_p3870_CR.root
        -0.1643687189     reading... /eos/atlas/atlascerngroupdisk/phys-higgs/HSG2/Hllvv/Run2/minitrees_rel75/mc16a/Systematics_Background/weightSyst/mc16_13TeV.364107.Sherpa_221_NNPDF30NNLO_Zmumu_MAXHTPTV140_280_CFilterBVeto.deriv.DAOD_HIGG2D1.e5271_s3126_r9364_p3870_CR.root
        -0.0238053631     reading... /eos/atlas/atlascerngroupdisk/phys-higgs/HSG2/Hllvv/Run2/minitrees_rel75/mc16a/Systematics_Background/weightSyst/mc16_13TeV.364108.Sherpa_221_NNPDF30NNLO_Zmumu_MAXHTPTV140_280_BFilter.deriv.DAOD_HIGG2D1.e5271_s3126_r9364_p3870_CR.root
        -0.0974356979     reading... /eos/atlas/atlascerngroupdisk/phys-higgs/HSG2/Hllvv/Run2/minitrees_rel75/mc16a/Systematics_Background/weightSyst/mc16_13TeV.364109.Sherpa_221_NNPDF30NNLO_Zmumu_MAXHTPTV280_500_CVetoBVeto.deriv.DAOD_HIGG2D1.e5271_s3126_r9364_p3870_CR.root
        -0.0870166495     reading... /eos/atlas/atlascerngroupdisk/phys-higgs/HSG2/Hllvv/Run2/minitrees_rel75/mc16a/Systematics_Background/weightSyst/mc16_13TeV.364110.Sherpa_221_NNPDF30NNLO_Zmumu_MAXHTPTV280_500_CFilterBVeto.deriv.DAOD_HIGG2D1.e5271_s3126_r9364_p3870_CR.root
        -0.0279825348     reading... /eos/atlas/atlascerngroupdisk/phys-higgs/HSG2/Hllvv/Run2/minitrees_rel75/mc16a/Systematics_Background/weightSyst/mc16_13TeV.364111.Sherpa_221_NNPDF30NNLO_Zmumu_MAXHTPTV280_500_BFilter.deriv.DAOD_HIGG2D1.e5271_s3126_r9364_p3870_CR.root
        -0.0211678576     reading... /eos/atlas/atlascerngroupdisk/phys-higgs/HSG2/Hllvv/Run2/minitrees_rel75/mc16a/Systematics_Background/weightSyst/mc16_13TeV.364112.Sherpa_221_NNPDF30NNLO_Zmumu_MAXHTPTV500_1000.deriv.DAOD_HIGG2D1.e5271_s3126_r9364_p3870_CR.root
        -0.0051237163     reading... /eos/atlas/atlascerngroupdisk/phys-higgs/HSG2/Hllvv/Run2/minitrees_rel75/mc16a/Systematics_Background/weightSyst/mc16_13TeV.364113.Sherpa_221_NNPDF30NNLO_Zmumu_MAXHTPTV1000_E_CMS.deriv.DAOD_HIGG2D1.e5271_s3126_r9364_p3870_CR.root
       -10.6818304062     reading... /eos/atlas/atlascerngroupdisk/phys-higgs/HSG2/Hllvv/Run2/minitrees_rel75/mc16a/Systematics_Background/weightSyst/mc16_13TeV.364114.Sherpa_221_NNPDF30NNLO_Zee_MAXHTPTV0_70_CVetoBVeto.deriv.DAOD_HIGG2D1.e5299_s3126_r9364_p3870_CR.root
        -2.7478020191     reading... /eos/atlas/atlascerngroupdisk/phys-higgs/HSG2/Hllvv/Run2/minitrees_rel75/mc16a/Systematics_Background/weightSyst/mc16_13TeV.364115.Sherpa_221_NNPDF30NNLO_Zee_MAXHTPTV0_70_CFilterBVeto.deriv.DAOD_HIGG2D1.e5299_s3126_r9364_p3870_CR.root
        -1.0855134726     reading... /eos/atlas/atlascerngroupdisk/phys-higgs/HSG2/Hllvv/Run2/minitrees_rel75/mc16a/Systematics_Background/weightSyst/mc16_13TeV.364116.Sherpa_221_NNPDF30NNLO_Zee_MAXHTPTV0_70_BFilter.deriv.DAOD_HIGG2D1.e5299_s3126_r9364_p3870_CR.root
        -1.2374390364     reading... /eos/atlas/atlascerngroupdisk/phys-higgs/HSG2/Hllvv/Run2/minitrees_rel75/mc16a/Systematics_Background/weightSyst/mc16_13TeV.364117.Sherpa_221_NNPDF30NNLO_Zee_MAXHTPTV70_140_CVetoBVeto.deriv.DAOD_HIGG2D1.e5299_s3126_r9364_p3870_CR.root
        -0.9901349545     reading... /eos/atlas/atlascerngroupdisk/phys-higgs/HSG2/Hllvv/Run2/minitrees_rel75/mc16a/Systematics_Background/weightSyst/mc16_13TeV.364118.Sherpa_221_NNPDF30NNLO_Zee_MAXHTPTV70_140_CFilterBVeto.deriv.DAOD_HIGG2D1.e5299_s3126_r9364_p3870_CR.root
        -0.2137323171     reading... /eos/atlas/atlascerngroupdisk/phys-higgs/HSG2/Hllvv/Run2/minitrees_rel75/mc16a/Systematics_Background/weightSyst/mc16_13TeV.364119.Sherpa_221_NNPDF30NNLO_Zee_MAXHTPTV70_140_BFilter.deriv.DAOD_HIGG2D1.e5299_s3126_r9364_p3870_CR.root
        -0.2947226167     reading... /eos/atlas/atlascerngroupdisk/phys-higgs/HSG2/Hllvv/Run2/minitrees_rel75/mc16a/Systematics_Background/weightSyst/mc16_13TeV.364120.Sherpa_221_NNPDF30NNLO_Zee_MAXHTPTV140_280_CVetoBVeto.deriv.DAOD_HIGG2D1.e5299_s3126_r9364_p3870_CR.root
        -0.1652247310     reading... /eos/atlas/atlascerngroupdisk/phys-higgs/HSG2/Hllvv/Run2/minitrees_rel75/mc16a/Systematics_Background/weightSyst/mc16_13TeV.364121.Sherpa_221_NNPDF30NNLO_Zee_MAXHTPTV140_280_CFilterBVeto.deriv.DAOD_HIGG2D1.e5299_s3126_r9364_p3870_CR.root
        -0.0248783939     reading... /eos/atlas/atlascerngroupdisk/phys-higgs/HSG2/Hllvv/Run2/minitrees_rel75/mc16a/Systematics_Background/weightSyst/mc16_13TeV.364122.Sherpa_221_NNPDF30NNLO_Zee_MAXHTPTV140_280_BFilter.deriv.DAOD_HIGG2D1.e5299_s3126_r9364_p3870_CR.root
        -0.0996899530     reading... /eos/atlas/atlascerngroupdisk/phys-higgs/HSG2/Hllvv/Run2/minitrees_rel75/mc16a/Systematics_Background/weightSyst/mc16_13TeV.364123.Sherpa_221_NNPDF30NNLO_Zee_MAXHTPTV280_500_CVetoBVeto.deriv.DAOD_HIGG2D1.e5299_s3126_r9364_p3870_CR.root
        -0.0876027495     reading... /eos/atlas/atlascerngroupdisk/phys-higgs/HSG2/Hllvv/Run2/minitrees_rel75/mc16a/Systematics_Background/weightSyst/mc16_13TeV.364124.Sherpa_221_NNPDF30NNLO_Zee_MAXHTPTV280_500_CFilterBVeto.deriv.DAOD_HIGG2D1.e5299_s3126_r9364_p3870_CR.root
        -0.0281112157     reading... /eos/atlas/atlascerngroupdisk/phys-higgs/HSG2/Hllvv/Run2/minitrees_rel75/mc16a/Systematics_Background/weightSyst/mc16_13TeV.364125.Sherpa_221_NNPDF30NNLO_Zee_MAXHTPTV280_500_BFilter.deriv.DAOD_HIGG2D1.e5299_s3126_r9364_p3870_CR.root
        -0.0214914251     reading... /eos/atlas/atlascerngroupdisk/phys-higgs/HSG2/Hllvv/Run2/minitrees_rel75/mc16a/Systematics_Background/weightSyst/mc16_13TeV.364126.Sherpa_221_NNPDF30NNLO_Zee_MAXHTPTV500_1000.deriv.DAOD_HIGG2D1.e5299_s3126_r9364_p3870_CR.root
        -0.0051569254     reading... /eos/atlas/atlascerngroupdisk/phys-higgs/HSG2/Hllvv/Run2/minitrees_rel75/mc16a/Systematics_Background/weightSyst/mc16_13TeV.364127.Sherpa_221_NNPDF30NNLO_Zee_MAXHTPTV1000_E_CMS.deriv.DAOD_HIGG2D1.e5299_s3126_r9364_p3870_CR.root
        -0.1141841337     reading... /eos/atlas/atlascerngroupdisk/phys-higgs/HSG2/Hllvv/Run2/minitrees_rel75/mc16a/Systematics_Background/weightSyst/mc16_13TeV.364242.Sherpa_222_NNPDF30NNLO_WWW_3l3v_EW6.deriv.DAOD_HIGG2D1.e5887_s3126_r9364_p3870_CR.root
        -0.0933938995     reading... /eos/atlas/atlascerngroupdisk/phys-higgs/HSG2/Hllvv/Run2/minitrees_rel75/mc16a/Systematics_Background/weightSyst/mc16_13TeV.364243.Sherpa_222_NNPDF30NNLO_WWZ_4l2v_EW6.deriv.DAOD_HIGG2D1.e5887_s3126_r9364_p3870_CR.root
        -0.0927606076     reading... /eos/atlas/atlascerngroupdisk/phys-higgs/HSG2/Hllvv/Run2/minitrees_rel75/mc16a/Systematics_Background/weightSyst/mc16_13TeV.364244.Sherpa_222_NNPDF30NNLO_WWZ_2l4v_EW6.deriv.DAOD_HIGG2D1.e5887_s3126_r9364_p3870_CR.root
        -0.0370702296     reading... /eos/atlas/atlascerngroupdisk/phys-higgs/HSG2/Hllvv/Run2/minitrees_rel75/mc16a/Systematics_Background/weightSyst/mc16_13TeV.364245.Sherpa_222_NNPDF30NNLO_WZZ_5l1v_EW6.deriv.DAOD_HIGG2D1.e5887_s3126_r9364_p3870_CR.root
        -0.0167556871     reading... /eos/atlas/atlascerngroupdisk/phys-higgs/HSG2/Hllvv/Run2/minitrees_rel75/mc16a/Systematics_Background/weightSyst/mc16_13TeV.364246.Sherpa_222_NNPDF30NNLO_WZZ_3l3v_EW6.deriv.DAOD_HIGG2D1.e5887_s3126_r9364_p3870_CR.root
        -0.0131835183     reading... /eos/atlas/atlascerngroupdisk/phys-higgs/HSG2/Hllvv/Run2/minitrees_rel75/mc16a/Systematics_Background/weightSyst/mc16_13TeV.364247.Sherpa_222_NNPDF30NNLO_ZZZ_6l0v_EW6.deriv.DAOD_HIGG2D1.e5887_s3126_r9364_p3870_CR.root
        -0.0132436547     reading... /eos/atlas/atlascerngroupdisk/phys-higgs/HSG2/Hllvv/Run2/minitrees_rel75/mc16a/Systematics_Background/weightSyst/mc16_13TeV.364248.Sherpa_222_NNPDF30NNLO_ZZZ_4l2v_EW6.deriv.DAOD_HIGG2D1.e5887_s3126_r9364_p3870_CR.root
        -0.0058799661     reading... /eos/atlas/atlascerngroupdisk/phys-higgs/HSG2/Hllvv/Run2/minitrees_rel75/mc16a/Systematics_Background/weightSyst/mc16_13TeV.364249.Sherpa_222_NNPDF30NNLO_ZZZ_2l4v_EW6.deriv.DAOD_HIGG2D1.e5887_s3126_r9364_p3870_CR.root
        -0.0060263081     reading... /eos/atlas/atlascerngroupdisk/phys-higgs/HSG2/Hllvv/Run2/minitrees_rel75/mc16a/Systematics_Background/weightSyst/mc16_13TeV.364250.Sherpa_222_NNPDF30NNLO_llll.deriv.DAOD_HIGG2D1.e5894_s3126_r9364_p3872_CR.root
        -0.0308842808     reading... /eos/atlas/atlascerngroupdisk/phys-higgs/HSG2/Hllvv/Run2/minitrees_rel75/mc16a/Systematics_Background/weightSyst/mc16_13TeV.364253.Sherpa_222_NNPDF30NNLO_lllv.deriv.DAOD_HIGG2D1.e5916_s3126_r9364_p3870_CR.root
        -0.0010868046     reading... /eos/atlas/atlascerngroupdisk/phys-higgs/HSG2/Hllvv/Run2/minitrees_rel75/mc16a/Systematics_Background/weightSyst/mc16_13TeV.364283.Sherpa_222_NNPDF30NNLO_lllljj_EW6.deriv.DAOD_HIGG2D1.e6055_s3126_r9364_p3870_CR.root
        -0.0009912243     reading... /eos/atlas/atlascerngroupdisk/phys-higgs/HSG2/Hllvv/Run2/minitrees_rel75/mc16a/Systematics_Background/weightSyst/mc16_13TeV.364284.Sherpa_222_NNPDF30NNLO_lllvjj_EW6.deriv.DAOD_HIGG2D1.e6055_s3126_r9364_p3870_CR.root
        -0.0053091398     reading... /eos/atlas/atlascerngroupdisk/phys-higgs/HSG2/Hllvv/Run2/minitrees_rel75/mc16a/Systematics_Background/weightSyst/mc16_13TeV.410155.aMcAtNloPythia8EvtGen_MEN30NLO_A14N23LO_ttW.deriv.DAOD_HIGG2D1.e5070_s3126_r9364_p3870_CR.root
        -0.0241194833     reading... /eos/atlas/atlascerngroupdisk/phys-higgs/HSG2/Hllvv/Run2/minitrees_rel75/mc16a/Systematics_Background/weightSyst/mc16_13TeV.410156.aMcAtNloPythia8EvtGen_MEN30NLO_A14N23LO_ttZnunu.deriv.DAOD_HIGG2D1.e5070_s3126_r9364_p3870_CR.root
        -0.0120728286     reading... /eos/atlas/atlascerngroupdisk/phys-higgs/HSG2/Hllvv/Run2/minitrees_rel75/mc16a/Systematics_Background/weightSyst/mc16_13TeV.410157.aMcAtNloPythia8EvtGen_MEN30NLO_A14N23LO_ttZqq.deriv.DAOD_HIGG2D1.e5070_s3126_r9364_p3870_CR.root
        -0.0307951383     reading... /eos/atlas/atlascerngroupdisk/phys-higgs/HSG2/Hllvv/Run2/minitrees_rel75/mc16a/Systematics_Background/weightSyst/mc16_13TeV.410218.aMcAtNloPythia8EvtGen_MEN30NLO_A14N23LO_ttee.deriv.DAOD_HIGG2D1.e5070_s3126_r9364_p3870_CR.root
        -0.0307956878     reading... /eos/atlas/atlascerngroupdisk/phys-higgs/HSG2/Hllvv/Run2/minitrees_rel75/mc16a/Systematics_Background/weightSyst/mc16_13TeV.410219.aMcAtNloPythia8EvtGen_MEN30NLO_A14N23LO_ttmumu.deriv.DAOD_HIGG2D1.e5070_s3126_r9364_p3870_CR.root
        -0.0732337683     reading... /eos/atlas/atlascerngroupdisk/phys-higgs/HSG2/Hllvv/Run2/minitrees_rel75/mc16d/Systematics_Background/weightSyst/mc16_13TeV.345666.Sherpa_222_NNPDF30NNLO_llvvZZ.deriv.DAOD_HIGG2D1.e6240_s3126_r10201_p3872_CR.root
        -0.0007560540     reading... /eos/atlas/atlascerngroupdisk/phys-higgs/HSG2/Hllvv/Run2/minitrees_rel75/mc16d/Systematics_Background/weightSyst/mc16_13TeV.345706.Sherpa_222_NNPDF30NNLO_ggllll_130M4l.deriv.DAOD_HIGG2D1.e6213_s3126_r10201_p3872_CR.root
        -0.0069752904     reading... /eos/atlas/atlascerngroupdisk/phys-higgs/HSG2/Hllvv/Run2/minitrees_rel75/mc16d/Systematics_Background/weightSyst/mc16_13TeV.345723.Sherpa_222_NNPDF30NNLO_ggllvvZZ.deriv.DAOD_HIGG2D1.e6213_s3126_r10201_p3872_CR.root
        -0.0280156583     reading... /eos/atlas/atlascerngroupdisk/phys-higgs/HSG2/Hllvv/Run2/minitrees_rel75/mc16d/Systematics_Background/weightSyst/mc16_13TeV.363356.Sherpa_221_NNPDF30NNLO_ZqqZll.deriv.DAOD_HIGG2D1.e5525_s3126_r10201_p3870_CR.root
        -0.1200304404     reading... /eos/atlas/atlascerngroupdisk/phys-higgs/HSG2/Hllvv/Run2/minitrees_rel75/mc16d/Systematics_Background/weightSyst/mc16_13TeV.363358.Sherpa_221_NNPDF30NNLO_WqqZll.deriv.DAOD_HIGG2D1.e5525_s3126_r10201_p3870_CR.root
       -10.5221424103     reading... /eos/atlas/atlascerngroupdisk/phys-higgs/HSG2/Hllvv/Run2/minitrees_rel75/mc16d/Systematics_Background/weightSyst/mc16_13TeV.364100.Sherpa_221_NNPDF30NNLO_Zmumu_MAXHTPTV0_70_CVetoBVeto.deriv.DAOD_HIGG2D1.e5271_s3126_r10201_p3870_CR.root
        -2.7027292252     reading... /eos/atlas/atlascerngroupdisk/phys-higgs/HSG2/Hllvv/Run2/minitrees_rel75/mc16d/Systematics_Background/weightSyst/mc16_13TeV.364101.Sherpa_221_NNPDF30NNLO_Zmumu_MAXHTPTV0_70_CFilterBVeto.deriv.DAOD_HIGG2D1.e5271_s3126_r10201_p3870_CR.root
        -1.1063537598     reading... /eos/atlas/atlascerngroupdisk/phys-higgs/HSG2/Hllvv/Run2/minitrees_rel75/mc16d/Systematics_Background/weightSyst/mc16_13TeV.364102.Sherpa_221_NNPDF30NNLO_Zmumu_MAXHTPTV0_70_BFilter.deriv.DAOD_HIGG2D1.e5271_s3126_r10201_p3870_CR.root
        -1.1926057339     reading... /eos/atlas/atlascerngroupdisk/phys-higgs/HSG2/Hllvv/Run2/minitrees_rel75/mc16d/Systematics_Background/weightSyst/mc16_13TeV.364103.Sherpa_221_NNPDF30NNLO_Zmumu_MAXHTPTV70_140_CVetoBVeto.deriv.DAOD_HIGG2D1.e5271_s3126_r10201_p3870_CR.root
        -0.9741721153     reading... /eos/atlas/atlascerngroupdisk/phys-higgs/HSG2/Hllvv/Run2/minitrees_rel75/mc16d/Systematics_Background/weightSyst/mc16_13TeV.364104.Sherpa_221_NNPDF30NNLO_Zmumu_MAXHTPTV70_140_CFilterBVeto.deriv.DAOD_HIGG2D1.e5271_s3126_r10201_p3870_CR.root
        -0.2053261548     reading... /eos/atlas/atlascerngroupdisk/phys-higgs/HSG2/Hllvv/Run2/minitrees_rel75/mc16d/Systematics_Background/weightSyst/mc16_13TeV.364105.Sherpa_221_NNPDF30NNLO_Zmumu_MAXHTPTV70_140_BFilter.deriv.DAOD_HIGG2D1.e5271_s3126_r10201_p3870_CR.root
        -0.2823520005     reading... /eos/atlas/atlascerngroupdisk/phys-higgs/HSG2/Hllvv/Run2/minitrees_rel75/mc16d/Systematics_Background/weightSyst/mc16_13TeV.364106.Sherpa_221_NNPDF30NNLO_Zmumu_MAXHTPTV140_280_CVetoBVeto.deriv.DAOD_HIGG2D1.e5271_s3126_r10201_p3870_CR.root
        -0.1608236134     reading... /eos/atlas/atlascerngroupdisk/phys-higgs/HSG2/Hllvv/Run2/minitrees_rel75/mc16d/Systematics_Background/weightSyst/mc16_13TeV.364107.Sherpa_221_NNPDF30NNLO_Zmumu_MAXHTPTV140_280_CFilterBVeto.deriv.DAOD_HIGG2D1.e5271_s3126_r10201_p3870_CR.root
        -0.0232658647     reading... /eos/atlas/atlascerngroupdisk/phys-higgs/HSG2/Hllvv/Run2/minitrees_rel75/mc16d/Systematics_Background/weightSyst/mc16_13TeV.364108.Sherpa_221_NNPDF30NNLO_Zmumu_MAXHTPTV140_280_BFilter.deriv.DAOD_HIGG2D1.e5271_s3126_r10201_p3870_CR.root
        -0.0974286571     reading... /eos/atlas/atlascerngroupdisk/phys-higgs/HSG2/Hllvv/Run2/minitrees_rel75/mc16d/Systematics_Background/weightSyst/mc16_13TeV.364109.Sherpa_221_NNPDF30NNLO_Zmumu_MAXHTPTV280_500_CVetoBVeto.deriv.DAOD_HIGG2D1.e5271_s3126_r10201_p3870_CR.root
        -0.0854130089     reading... /eos/atlas/atlascerngroupdisk/phys-higgs/HSG2/Hllvv/Run2/minitrees_rel75/mc16d/Systematics_Background/weightSyst/mc16_13TeV.364110.Sherpa_221_NNPDF30NNLO_Zmumu_MAXHTPTV280_500_CFilterBVeto.deriv.DAOD_HIGG2D1.e5271_s3126_r10201_p3870_CR.root
        -0.0274786055     reading... /eos/atlas/atlascerngroupdisk/phys-higgs/HSG2/Hllvv/Run2/minitrees_rel75/mc16d/Systematics_Background/weightSyst/mc16_13TeV.364111.Sherpa_221_NNPDF30NNLO_Zmumu_MAXHTPTV280_500_BFilter.deriv.DAOD_HIGG2D1.e5271_s3126_r10201_p3870_CR.root
        -0.0207373351     reading... /eos/atlas/atlascerngroupdisk/phys-higgs/HSG2/Hllvv/Run2/minitrees_rel75/mc16d/Systematics_Background/weightSyst/mc16_13TeV.364112.Sherpa_221_NNPDF30NNLO_Zmumu_MAXHTPTV500_1000.deriv.DAOD_HIGG2D1.e5271_s3126_r10201_p3870_CR.root
        -0.0050082281     reading... /eos/atlas/atlascerngroupdisk/phys-higgs/HSG2/Hllvv/Run2/minitrees_rel75/mc16d/Systematics_Background/weightSyst/mc16_13TeV.364113.Sherpa_221_NNPDF30NNLO_Zmumu_MAXHTPTV1000_E_CMS.deriv.DAOD_HIGG2D1.e5271_s3126_r10201_p3870_CR.root
       -10.4629611969     reading... /eos/atlas/atlascerngroupdisk/phys-higgs/HSG2/Hllvv/Run2/minitrees_rel75/mc16d/Systematics_Background/weightSyst/mc16_13TeV.364114.Sherpa_221_NNPDF30NNLO_Zee_MAXHTPTV0_70_CVetoBVeto.deriv.DAOD_HIGG2D1.e5299_s3126_r10201_p3870_CR.root
        -2.6972501278     reading... /eos/atlas/atlascerngroupdisk/phys-higgs/HSG2/Hllvv/Run2/minitrees_rel75/mc16d/Systematics_Background/weightSyst/mc16_13TeV.364115.Sherpa_221_NNPDF30NNLO_Zee_MAXHTPTV0_70_CFilterBVeto.deriv.DAOD_HIGG2D1.e5299_s3126_r10201_p3870_CR.root
        -1.0630398989     reading... /eos/atlas/atlascerngroupdisk/phys-higgs/HSG2/Hllvv/Run2/minitrees_rel75/mc16d/Systematics_Background/weightSyst/mc16_13TeV.364116.Sherpa_221_NNPDF30NNLO_Zee_MAXHTPTV0_70_BFilter.deriv.DAOD_HIGG2D1.e5299_s3126_r10201_p3870_CR.root
        -1.2195979357     reading... /eos/atlas/atlascerngroupdisk/phys-higgs/HSG2/Hllvv/Run2/minitrees_rel75/mc16d/Systematics_Background/weightSyst/mc16_13TeV.364117.Sherpa_221_NNPDF30NNLO_Zee_MAXHTPTV70_140_CVetoBVeto.deriv.DAOD_HIGG2D1.e5299_s3126_r10201_p3870_CR.root
        -0.9683724642     reading... /eos/atlas/atlascerngroupdisk/phys-higgs/HSG2/Hllvv/Run2/minitrees_rel75/mc16d/Systematics_Background/weightSyst/mc16_13TeV.364118.Sherpa_221_NNPDF30NNLO_Zee_MAXHTPTV70_140_CFilterBVeto.deriv.DAOD_HIGG2D1.e5299_s3126_r10201_p3870_CR.root
        -0.2074608952     reading... /eos/atlas/atlascerngroupdisk/phys-higgs/HSG2/Hllvv/Run2/minitrees_rel75/mc16d/Systematics_Background/weightSyst/mc16_13TeV.364119.Sherpa_221_NNPDF30NNLO_Zee_MAXHTPTV70_140_BFilter.deriv.DAOD_HIGG2D1.e5299_s3126_r10201_p3870_CR.root
        -0.2888232470     reading... /eos/atlas/atlascerngroupdisk/phys-higgs/HSG2/Hllvv/Run2/minitrees_rel75/mc16d/Systematics_Background/weightSyst/mc16_13TeV.364120.Sherpa_221_NNPDF30NNLO_Zee_MAXHTPTV140_280_CVetoBVeto.deriv.DAOD_HIGG2D1.e5299_s3126_r10201_p3870_CR.root
        -0.1619780511     reading... /eos/atlas/atlascerngroupdisk/phys-higgs/HSG2/Hllvv/Run2/minitrees_rel75/mc16d/Systematics_Background/weightSyst/mc16_13TeV.364121.Sherpa_221_NNPDF30NNLO_Zee_MAXHTPTV140_280_CFilterBVeto.deriv.DAOD_HIGG2D1.e5299_s3126_r10201_p3870_CR.root
        -0.0241336338     reading... /eos/atlas/atlascerngroupdisk/phys-higgs/HSG2/Hllvv/Run2/minitrees_rel75/mc16d/Systematics_Background/weightSyst/mc16_13TeV.364122.Sherpa_221_NNPDF30NNLO_Zee_MAXHTPTV140_280_BFilter.deriv.DAOD_HIGG2D1.e5299_s3126_r10201_p3870_CR.root
        -0.0977278501     reading... /eos/atlas/atlascerngroupdisk/phys-higgs/HSG2/Hllvv/Run2/minitrees_rel75/mc16d/Systematics_Background/weightSyst/mc16_13TeV.364123.Sherpa_221_NNPDF30NNLO_Zee_MAXHTPTV280_500_CVetoBVeto.deriv.DAOD_HIGG2D1.e5299_s3126_r10201_p3870_CR.root
        -0.0858746022     reading... /eos/atlas/atlascerngroupdisk/phys-higgs/HSG2/Hllvv/Run2/minitrees_rel75/mc16d/Systematics_Background/weightSyst/mc16_13TeV.364124.Sherpa_221_NNPDF30NNLO_Zee_MAXHTPTV280_500_CFilterBVeto.deriv.DAOD_HIGG2D1.e5299_s3126_r10201_p3870_CR.root
        -0.0275470261     reading... /eos/atlas/atlascerngroupdisk/phys-higgs/HSG2/Hllvv/Run2/minitrees_rel75/mc16d/Systematics_Background/weightSyst/mc16_13TeV.364125.Sherpa_221_NNPDF30NNLO_Zee_MAXHTPTV280_500_BFilter.deriv.DAOD_HIGG2D1.e5299_s3126_r10201_p3870_CR.root
        -0.0212407652     reading... /eos/atlas/atlascerngroupdisk/phys-higgs/HSG2/Hllvv/Run2/minitrees_rel75/mc16d/Systematics_Background/weightSyst/mc16_13TeV.364126.Sherpa_221_NNPDF30NNLO_Zee_MAXHTPTV500_1000.deriv.DAOD_HIGG2D1.e5299_s3126_r10201_p3870_CR.root
        -0.0050528776     reading... /eos/atlas/atlascerngroupdisk/phys-higgs/HSG2/Hllvv/Run2/minitrees_rel75/mc16d/Systematics_Background/weightSyst/mc16_13TeV.364127.Sherpa_221_NNPDF30NNLO_Zee_MAXHTPTV1000_E_CMS.deriv.DAOD_HIGG2D1.e5299_s3126_r10201_p3870_CR.root
        -0.1398399025     reading... /eos/atlas/atlascerngroupdisk/phys-higgs/HSG2/Hllvv/Run2/minitrees_rel75/mc16d/Systematics_Background/weightSyst/mc16_13TeV.364242.Sherpa_222_NNPDF30NNLO_WWW_3l3v_EW6.deriv.DAOD_HIGG2D1.e5887_s3126_r10201_p3870_CR.root
        -0.1141674146     reading... /eos/atlas/atlascerngroupdisk/phys-higgs/HSG2/Hllvv/Run2/minitrees_rel75/mc16d/Systematics_Background/weightSyst/mc16_13TeV.364243.Sherpa_222_NNPDF30NNLO_WWZ_4l2v_EW6.deriv.DAOD_HIGG2D1.e5887_s3126_r10201_p3870_CR.root
        -0.1136060357     reading... /eos/atlas/atlascerngroupdisk/phys-higgs/HSG2/Hllvv/Run2/minitrees_rel75/mc16d/Systematics_Background/weightSyst/mc16_13TeV.364244.Sherpa_222_NNPDF30NNLO_WWZ_2l4v_EW6.deriv.DAOD_HIGG2D1.e5887_s3126_r10201_p3870_CR.root
        -0.0454632454     reading... /eos/atlas/atlascerngroupdisk/phys-higgs/HSG2/Hllvv/Run2/minitrees_rel75/mc16d/Systematics_Background/weightSyst/mc16_13TeV.364245.Sherpa_222_NNPDF30NNLO_WZZ_5l1v_EW6.deriv.DAOD_HIGG2D1.e5887_s3126_r10201_p3870_CR.root
        -0.0201543961     reading... /eos/atlas/atlascerngroupdisk/phys-higgs/HSG2/Hllvv/Run2/minitrees_rel75/mc16d/Systematics_Background/weightSyst/mc16_13TeV.364246.Sherpa_222_NNPDF30NNLO_WZZ_3l3v_EW6.deriv.DAOD_HIGG2D1.e5887_s3126_r10201_p3870_CR.root
        -0.0156646892     reading... /eos/atlas/atlascerngroupdisk/phys-higgs/HSG2/Hllvv/Run2/minitrees_rel75/mc16d/Systematics_Background/weightSyst/mc16_13TeV.364247.Sherpa_222_NNPDF30NNLO_ZZZ_6l0v_EW6.deriv.DAOD_HIGG2D1.e5887_s3126_r10201_p3870_CR.root
        -0.0158137791     reading... /eos/atlas/atlascerngroupdisk/phys-higgs/HSG2/Hllvv/Run2/minitrees_rel75/mc16d/Systematics_Background/weightSyst/mc16_13TeV.364248.Sherpa_222_NNPDF30NNLO_ZZZ_4l2v_EW6.deriv.DAOD_HIGG2D1.e5887_s3126_r10201_p3870_CR.root
        -0.0070258458     reading... /eos/atlas/atlascerngroupdisk/phys-higgs/HSG2/Hllvv/Run2/minitrees_rel75/mc16d/Systematics_Background/weightSyst/mc16_13TeV.364249.Sherpa_222_NNPDF30NNLO_ZZZ_2l4v_EW6.deriv.DAOD_HIGG2D1.e5887_s3126_r10201_p3870_CR.root
        -0.0036536984     reading... /eos/atlas/atlascerngroupdisk/phys-higgs/HSG2/Hllvv/Run2/minitrees_rel75/mc16d/Systematics_Background/weightSyst/mc16_13TeV.364250.Sherpa_222_NNPDF30NNLO_llll.deriv.DAOD_HIGG2D1.e5894_s3126_r10201_p3872_CR.root
        -0.0183037724     reading... /eos/atlas/atlascerngroupdisk/phys-higgs/HSG2/Hllvv/Run2/minitrees_rel75/mc16d/Systematics_Background/weightSyst/mc16_13TeV.364253.Sherpa_222_NNPDF30NNLO_lllv.deriv.DAOD_HIGG2D1.e5916_s3126_r10201_p3870_CR.root
        -0.0010837797     reading... /eos/atlas/atlascerngroupdisk/phys-higgs/HSG2/Hllvv/Run2/minitrees_rel75/mc16d/Systematics_Background/weightSyst/mc16_13TeV.364283.Sherpa_222_NNPDF30NNLO_lllljj_EW6.deriv.DAOD_HIGG2D1.e6055_s3126_r10201_p3870_CR.root
        -0.0009495564     reading... /eos/atlas/atlascerngroupdisk/phys-higgs/HSG2/Hllvv/Run2/minitrees_rel75/mc16d/Systematics_Background/weightSyst/mc16_13TeV.364284.Sherpa_222_NNPDF30NNLO_lllvjj_EW6.deriv.DAOD_HIGG2D1.e6055_s3126_r10201_p3870_CR.root
        -0.0087764561     reading... /eos/atlas/atlascerngroupdisk/phys-higgs/HSG2/Hllvv/Run2/minitrees_rel75/mc16d/Systematics_Background/weightSyst/mc16_13TeV.410081.MadGraphPythia8EvtGen_A14NNPDF23_ttbarWW.deriv.DAOD_HIGG2D1.e4111_s3126_r10201_p3870_CR.root
        -0.0064989328     reading... /eos/atlas/atlascerngroupdisk/phys-higgs/HSG2/Hllvv/Run2/minitrees_rel75/mc16d/Systematics_Background/weightSyst/mc16_13TeV.410155.aMcAtNloPythia8EvtGen_MEN30NLO_A14N23LO_ttW.deriv.DAOD_HIGG2D1.e5070_s3126_r10201_p3870_CR.root
        -0.0295680370     reading... /eos/atlas/atlascerngroupdisk/phys-higgs/HSG2/Hllvv/Run2/minitrees_rel75/mc16d/Systematics_Background/weightSyst/mc16_13TeV.410156.aMcAtNloPythia8EvtGen_MEN30NLO_A14N23LO_ttZnunu.deriv.DAOD_HIGG2D1.e5070_s3126_r10201_p3870_CR.root
        -0.0147616165     reading... /eos/atlas/atlascerngroupdisk/phys-higgs/HSG2/Hllvv/Run2/minitrees_rel75/mc16d/Systematics_Background/weightSyst/mc16_13TeV.410157.aMcAtNloPythia8EvtGen_MEN30NLO_A14N23LO_ttZqq.deriv.DAOD_HIGG2D1.e5070_s3126_r10201_p3870_CR.root
        -0.0398191027     reading... /eos/atlas/atlascerngroupdisk/phys-higgs/HSG2/Hllvv/Run2/minitrees_rel75/mc16d/Systematics_Background/weightSyst/mc16_13TeV.410218.aMcAtNloPythia8EvtGen_MEN30NLO_A14N23LO_ttee.deriv.DAOD_HIGG2D1.e5070_s3126_r10201_p3870_CR.root
        -0.0397652611     reading... /eos/atlas/atlascerngroupdisk/phys-higgs/HSG2/Hllvv/Run2/minitrees_rel75/mc16d/Systematics_Background/weightSyst/mc16_13TeV.410219.aMcAtNloPythia8EvtGen_MEN30NLO_A14N23LO_ttmumu.deriv.DAOD_HIGG2D1.e5070_s3126_r10201_p3870_CR.root
        -0.0740539134     reading... /eos/atlas/atlascerngroupdisk/phys-higgs/HSG2/Hllvv/Run2/minitrees_rel75/mc16e/Systematics_Background/weightSyst/mc16_13TeV.345666.Sherpa_222_NNPDF30NNLO_llvvZZ.deriv.DAOD_HIGG2D1.e6240_s3126_r10724_p3872_CR.root
        -0.0010084081     reading... /eos/atlas/atlascerngroupdisk/phys-higgs/HSG2/Hllvv/Run2/minitrees_rel75/mc16e/Systematics_Background/weightSyst/mc16_13TeV.345706.Sherpa_222_NNPDF30NNLO_ggllll_130M4l.deriv.DAOD_HIGG2D1.e6213_s3126_r10724_p3872_CR.root
        -0.0062280362     reading... /eos/atlas/atlascerngroupdisk/phys-higgs/HSG2/Hllvv/Run2/minitrees_rel75/mc16e/Systematics_Background/weightSyst/mc16_13TeV.345723.Sherpa_222_NNPDF30NNLO_ggllvvZZ.deriv.DAOD_HIGG2D1.e6213_s3126_r10724_p3872_CR.root
        -0.0222654082     reading... /eos/atlas/atlascerngroupdisk/phys-higgs/HSG2/Hllvv/Run2/minitrees_rel75/mc16e/Systematics_Background/weightSyst/mc16_13TeV.363356.Sherpa_221_NNPDF30NNLO_ZqqZll.deriv.DAOD_HIGG2D1.e5525_s3126_r10724_p3870_CR.root
        -0.4756723940     reading... /eos/atlas/atlascerngroupdisk/phys-higgs/HSG2/Hllvv/Run2/minitrees_rel75/mc16e/Systematics_Background/weightSyst/mc16_13TeV.363358.Sherpa_221_NNPDF30NNLO_WqqZll.deriv.DAOD_HIGG2D1.e5525_s3126_r10724_p3870_CR.root
       -10.3974733353     reading... /eos/atlas/atlascerngroupdisk/phys-higgs/HSG2/Hllvv/Run2/minitrees_rel75/mc16e/Systematics_Background/weightSyst/mc16_13TeV.364100.Sherpa_221_NNPDF30NNLO_Zmumu_MAXHTPTV0_70_CVetoBVeto.deriv.DAOD_HIGG2D1.e5271_s3126_r10724_p3870_CR.root
        -2.6679251194     reading... /eos/atlas/atlascerngroupdisk/phys-higgs/HSG2/Hllvv/Run2/minitrees_rel75/mc16e/Systematics_Background/weightSyst/mc16_13TeV.364101.Sherpa_221_NNPDF30NNLO_Zmumu_MAXHTPTV0_70_CFilterBVeto.deriv.DAOD_HIGG2D1.e5271_s3126_r10724_p3870_CR.root
        -1.0687104464     reading... /eos/atlas/atlascerngroupdisk/phys-higgs/HSG2/Hllvv/Run2/minitrees_rel75/mc16e/Systematics_Background/weightSyst/mc16_13TeV.364102.Sherpa_221_NNPDF30NNLO_Zmumu_MAXHTPTV0_70_BFilter.deriv.DAOD_HIGG2D1.e5271_s3126_r10724_p3870_CR.root
        -1.1825397015     reading... /eos/atlas/atlascerngroupdisk/phys-higgs/HSG2/Hllvv/Run2/minitrees_rel75/mc16e/Systematics_Background/weightSyst/mc16_13TeV.364103.Sherpa_221_NNPDF30NNLO_Zmumu_MAXHTPTV70_140_CVetoBVeto.deriv.DAOD_HIGG2D1.e5271_s3126_r10724_p3870_CR.root
        -0.9721355438     reading... /eos/atlas/atlascerngroupdisk/phys-higgs/HSG2/Hllvv/Run2/minitrees_rel75/mc16e/Systematics_Background/weightSyst/mc16_13TeV.364104.Sherpa_221_NNPDF30NNLO_Zmumu_MAXHTPTV70_140_CFilterBVeto.deriv.DAOD_HIGG2D1.e5271_s3126_r10724_p3870_CR.root
        -0.2034419775     reading... /eos/atlas/atlascerngroupdisk/phys-higgs/HSG2/Hllvv/Run2/minitrees_rel75/mc16e/Systematics_Background/weightSyst/mc16_13TeV.364105.Sherpa_221_NNPDF30NNLO_Zmumu_MAXHTPTV70_140_BFilter.deriv.DAOD_HIGG2D1.e5271_s3126_r10724_p3870_CR.root
        -0.2808075249     reading... /eos/atlas/atlascerngroupdisk/phys-higgs/HSG2/Hllvv/Run2/minitrees_rel75/mc16e/Systematics_Background/weightSyst/mc16_13TeV.364106.Sherpa_221_NNPDF30NNLO_Zmumu_MAXHTPTV140_280_CVetoBVeto.deriv.DAOD_HIGG2D1.e5271_s3126_r10724_p3870_CR.root
        -0.1590292901     reading... /eos/atlas/atlascerngroupdisk/phys-higgs/HSG2/Hllvv/Run2/minitrees_rel75/mc16e/Systematics_Background/weightSyst/mc16_13TeV.364107.Sherpa_221_NNPDF30NNLO_Zmumu_MAXHTPTV140_280_CFilterBVeto.deriv.DAOD_HIGG2D1.e5271_s3126_r10724_p3870_CR.root
        -0.0231425948     reading... /eos/atlas/atlascerngroupdisk/phys-higgs/HSG2/Hllvv/Run2/minitrees_rel75/mc16e/Systematics_Background/weightSyst/mc16_13TeV.364108.Sherpa_221_NNPDF30NNLO_Zmumu_MAXHTPTV140_280_BFilter.deriv.DAOD_HIGG2D1.e5271_s3126_r10724_p3870_CR.root
        -0.0949328542     reading... /eos/atlas/atlascerngroupdisk/phys-higgs/HSG2/Hllvv/Run2/minitrees_rel75/mc16e/Systematics_Background/weightSyst/mc16_13TeV.364109.Sherpa_221_NNPDF30NNLO_Zmumu_MAXHTPTV280_500_CVetoBVeto.deriv.DAOD_HIGG2D1.e5271_s3126_r10724_p3870_CR.root
        -0.0842937678     reading... /eos/atlas/atlascerngroupdisk/phys-higgs/HSG2/Hllvv/Run2/minitrees_rel75/mc16e/Systematics_Background/weightSyst/mc16_13TeV.364110.Sherpa_221_NNPDF30NNLO_Zmumu_MAXHTPTV280_500_CFilterBVeto.deriv.DAOD_HIGG2D1.e5271_s3126_r10724_p3870_CR.root
        -0.0272298269     reading... /eos/atlas/atlascerngroupdisk/phys-higgs/HSG2/Hllvv/Run2/minitrees_rel75/mc16e/Systematics_Background/weightSyst/mc16_13TeV.364111.Sherpa_221_NNPDF30NNLO_Zmumu_MAXHTPTV280_500_BFilter.deriv.DAOD_HIGG2D1.e5271_s3126_r10724_p3870_CR.root
        -0.0200688988     reading... /eos/atlas/atlascerngroupdisk/phys-higgs/HSG2/Hllvv/Run2/minitrees_rel75/mc16e/Systematics_Background/weightSyst/mc16_13TeV.364112.Sherpa_221_NNPDF30NNLO_Zmumu_MAXHTPTV500_1000.deriv.DAOD_HIGG2D1.e5271_s3126_r10724_p3870_CR.root
        -0.0051873811     reading... /eos/atlas/atlascerngroupdisk/phys-higgs/HSG2/Hllvv/Run2/minitrees_rel75/mc16e/Systematics_Background/weightSyst/mc16_13TeV.364113.Sherpa_221_NNPDF30NNLO_Zmumu_MAXHTPTV1000_E_CMS.deriv.DAOD_HIGG2D1.e5271_s3126_r10724_p3870_CR.root
       -10.3994855881     reading... /eos/atlas/atlascerngroupdisk/phys-higgs/HSG2/Hllvv/Run2/minitrees_rel75/mc16e/Systematics_Background/weightSyst/mc16_13TeV.364114.Sherpa_221_NNPDF30NNLO_Zee_MAXHTPTV0_70_CVetoBVeto.deriv.DAOD_HIGG2D1.e5299_s3126_r10724_p3870_CR.root
        -2.6720955372     reading... /eos/atlas/atlascerngroupdisk/phys-higgs/HSG2/Hllvv/Run2/minitrees_rel75/mc16e/Systematics_Background/weightSyst/mc16_13TeV.364115.Sherpa_221_NNPDF30NNLO_Zee_MAXHTPTV0_70_CFilterBVeto.deriv.DAOD_HIGG2D1.e5299_s3126_r10724_p3870_CR.root
        -1.0551768541     reading... /eos/atlas/atlascerngroupdisk/phys-higgs/HSG2/Hllvv/Run2/minitrees_rel75/mc16e/Systematics_Background/weightSyst/mc16_13TeV.364116.Sherpa_221_NNPDF30NNLO_Zee_MAXHTPTV0_70_BFilter.deriv.DAOD_HIGG2D1.e5299_s3126_r10724_p3870_CR.root
        -1.1952029467     reading... /eos/atlas/atlascerngroupdisk/phys-higgs/HSG2/Hllvv/Run2/minitrees_rel75/mc16e/Systematics_Background/weightSyst/mc16_13TeV.364117.Sherpa_221_NNPDF30NNLO_Zee_MAXHTPTV70_140_CVetoBVeto.deriv.DAOD_HIGG2D1.e5299_s3126_r10724_p3870_CR.root
        -0.9591214061     reading... /eos/atlas/atlascerngroupdisk/phys-higgs/HSG2/Hllvv/Run2/minitrees_rel75/mc16e/Systematics_Background/weightSyst/mc16_13TeV.364118.Sherpa_221_NNPDF30NNLO_Zee_MAXHTPTV70_140_CFilterBVeto.deriv.DAOD_HIGG2D1.e5299_s3126_r10724_p3870_CR.root
        -0.2072604448     reading... /eos/atlas/atlascerngroupdisk/phys-higgs/HSG2/Hllvv/Run2/minitrees_rel75/mc16e/Systematics_Background/weightSyst/mc16_13TeV.364119.Sherpa_221_NNPDF30NNLO_Zee_MAXHTPTV70_140_BFilter.deriv.DAOD_HIGG2D1.e5299_s3126_r10724_p3870_CR.root
        -0.2846690416     reading... /eos/atlas/atlascerngroupdisk/phys-higgs/HSG2/Hllvv/Run2/minitrees_rel75/mc16e/Systematics_Background/weightSyst/mc16_13TeV.364120.Sherpa_221_NNPDF30NNLO_Zee_MAXHTPTV140_280_CVetoBVeto.deriv.DAOD_HIGG2D1.e5299_s3126_r10724_p3870_CR.root
        -0.1606970131     reading... /eos/atlas/atlascerngroupdisk/phys-higgs/HSG2/Hllvv/Run2/minitrees_rel75/mc16e/Systematics_Background/weightSyst/mc16_13TeV.364121.Sherpa_221_NNPDF30NNLO_Zee_MAXHTPTV140_280_CFilterBVeto.deriv.DAOD_HIGG2D1.e5299_s3126_r10724_p3870_CR.root
        -0.0240120739     reading... /eos/atlas/atlascerngroupdisk/phys-higgs/HSG2/Hllvv/Run2/minitrees_rel75/mc16e/Systematics_Background/weightSyst/mc16_13TeV.364122.Sherpa_221_NNPDF30NNLO_Zee_MAXHTPTV140_280_BFilter.deriv.DAOD_HIGG2D1.e5299_s3126_r10724_p3870_CR.root
        -0.0940242112     reading... /eos/atlas/atlascerngroupdisk/phys-higgs/HSG2/Hllvv/Run2/minitrees_rel75/mc16e/Systematics_Background/weightSyst/mc16_13TeV.364123.Sherpa_221_NNPDF30NNLO_Zee_MAXHTPTV280_500_CVetoBVeto.deriv.DAOD_HIGG2D1.e5299_s3126_r10724_p3870_CR.root
        -0.0815475211     reading... /eos/atlas/atlascerngroupdisk/phys-higgs/HSG2/Hllvv/Run2/minitrees_rel75/mc16e/Systematics_Background/weightSyst/mc16_13TeV.364124.Sherpa_221_NNPDF30NNLO_Zee_MAXHTPTV280_500_CFilterBVeto.deriv.DAOD_HIGG2D1.e5299_s3126_r10724_p3870_CR.root
        -0.0272852033     reading... /eos/atlas/atlascerngroupdisk/phys-higgs/HSG2/Hllvv/Run2/minitrees_rel75/mc16e/Systematics_Background/weightSyst/mc16_13TeV.364125.Sherpa_221_NNPDF30NNLO_Zee_MAXHTPTV280_500_BFilter.deriv.DAOD_HIGG2D1.e5299_s3126_r10724_p3870_CR.root
        -0.0209019799     reading... /eos/atlas/atlascerngroupdisk/phys-higgs/HSG2/Hllvv/Run2/minitrees_rel75/mc16e/Systematics_Background/weightSyst/mc16_13TeV.364126.Sherpa_221_NNPDF30NNLO_Zee_MAXHTPTV500_1000.deriv.DAOD_HIGG2D1.e5299_s3126_r10724_p3870_CR.root
        -0.0049870922     reading... /eos/atlas/atlascerngroupdisk/phys-higgs/HSG2/Hllvv/Run2/minitrees_rel75/mc16e/Systematics_Background/weightSyst/mc16_13TeV.364127.Sherpa_221_NNPDF30NNLO_Zee_MAXHTPTV1000_E_CMS.deriv.DAOD_HIGG2D1.e5299_s3126_r10724_p3870_CR.root
        -0.1109317839     reading... /eos/atlas/atlascerngroupdisk/phys-higgs/HSG2/Hllvv/Run2/minitrees_rel75/mc16e/Systematics_Background/weightSyst/mc16_13TeV.364242.Sherpa_222_NNPDF30NNLO_WWW_3l3v_EW6.deriv.DAOD_HIGG2D1.e5887_s3126_r10724_p3870_CR.root
        -0.0900076255     reading... /eos/atlas/atlascerngroupdisk/phys-higgs/HSG2/Hllvv/Run2/minitrees_rel75/mc16e/Systematics_Background/weightSyst/mc16_13TeV.364243.Sherpa_222_NNPDF30NNLO_WWZ_4l2v_EW6.deriv.DAOD_HIGG2D1.e5887_s3126_r10724_p3870_CR.root
        -0.0898452252     reading... /eos/atlas/atlascerngroupdisk/phys-higgs/HSG2/Hllvv/Run2/minitrees_rel75/mc16e/Systematics_Background/weightSyst/mc16_13TeV.364244.Sherpa_222_NNPDF30NNLO_WWZ_2l4v_EW6.deriv.DAOD_HIGG2D1.e5887_s3126_r10724_p3870_CR.root
        -0.0331273861     reading... /eos/atlas/atlascerngroupdisk/phys-higgs/HSG2/Hllvv/Run2/minitrees_rel75/mc16e/Systematics_Background/weightSyst/mc16_13TeV.364245.Sherpa_222_NNPDF30NNLO_WZZ_5l1v_EW6.deriv.DAOD_HIGG2D1.e5887_s3126_r10724_p3870_CR.root
        -0.0147666764     reading... /eos/atlas/atlascerngroupdisk/phys-higgs/HSG2/Hllvv/Run2/minitrees_rel75/mc16e/Systematics_Background/weightSyst/mc16_13TeV.364246.Sherpa_222_NNPDF30NNLO_WZZ_3l3v_EW6.deriv.DAOD_HIGG2D1.e5887_s3126_r10724_p3870_CR.root
        -0.0103304908     reading... /eos/atlas/atlascerngroupdisk/phys-higgs/HSG2/Hllvv/Run2/minitrees_rel75/mc16e/Systematics_Background/weightSyst/mc16_13TeV.364247.Sherpa_222_NNPDF30NNLO_ZZZ_6l0v_EW6.deriv.DAOD_HIGG2D1.e5887_s3126_r10724_p3870_CR.root
        -0.0103924433     reading... /eos/atlas/atlascerngroupdisk/phys-higgs/HSG2/Hllvv/Run2/minitrees_rel75/mc16e/Systematics_Background/weightSyst/mc16_13TeV.364248.Sherpa_222_NNPDF30NNLO_ZZZ_4l2v_EW6.deriv.DAOD_HIGG2D1.e5887_s3126_r10724_p3870_CR.root
        -0.0046041878     reading... /eos/atlas/atlascerngroupdisk/phys-higgs/HSG2/Hllvv/Run2/minitrees_rel75/mc16e/Systematics_Background/weightSyst/mc16_13TeV.364249.Sherpa_222_NNPDF30NNLO_ZZZ_2l4v_EW6.deriv.DAOD_HIGG2D1.e5887_s3126_r10724_p3870_CR.root
        -0.0067717033     reading... /eos/atlas/atlascerngroupdisk/phys-higgs/HSG2/Hllvv/Run2/minitrees_rel75/mc16e/Systematics_Background/weightSyst/mc16_13TeV.364250.Sherpa_222_NNPDF30NNLO_llll.deriv.DAOD_HIGG2D1.e5894_s3126_r10724_p3872_CR.root
        -0.0289404988     reading... /eos/atlas/atlascerngroupdisk/phys-higgs/HSG2/Hllvv/Run2/minitrees_rel75/mc16e/Systematics_Background/weightSyst/mc16_13TeV.364253.Sherpa_222_NNPDF30NNLO_lllv.deriv.DAOD_HIGG2D1.e5916_s3126_r10724_p3870_CR.root
        -0.0000100729     reading... /eos/atlas/atlascerngroupdisk/phys-higgs/HSG2/Hllvv/Run2/minitrees_rel75/mc16e/Systematics_Background/weightSyst/mc16_13TeV.364283.Sherpa_222_NNPDF30NNLO_lllljj_EW6.deriv.DAOD_HIGG2D1.e6055_s3126_r10724_p3870_CR.root
        -0.0009675320     reading... /eos/atlas/atlascerngroupdisk/phys-higgs/HSG2/Hllvv/Run2/minitrees_rel75/mc16e/Systematics_Background/weightSyst/mc16_13TeV.364284.Sherpa_222_NNPDF30NNLO_lllvjj_EW6.deriv.DAOD_HIGG2D1.e6055_s3126_r10724_p3870_CR.root
        -0.0115778567     reading... /eos/atlas/atlascerngroupdisk/phys-higgs/HSG2/Hllvv/Run2/minitrees_rel75/mc16e/Systematics_Background/weightSyst/mc16_13TeV.410081.MadGraphPythia8EvtGen_A14NNPDF23_ttbarWW.deriv.DAOD_HIGG2D1.e4111_s3126_r10724_p3870_CR.root
        -0.0053399699     reading... /eos/atlas/atlascerngroupdisk/phys-higgs/HSG2/Hllvv/Run2/minitrees_rel75/mc16e/Systematics_Background/weightSyst/mc16_13TeV.410155.aMcAtNloPythia8EvtGen_MEN30NLO_A14N23LO_ttW.deriv.DAOD_HIGG2D1.e5070_s3126_r10724_p3870_CR.root
        -0.0291948747     reading... /eos/atlas/atlascerngroupdisk/phys-higgs/HSG2/Hllvv/Run2/minitrees_rel75/mc16e/Systematics_Background/weightSyst/mc16_13TeV.410156.aMcAtNloPythia8EvtGen_MEN30NLO_A14N23LO_ttZnunu.deriv.DAOD_HIGG2D1.e5070_s3126_r10724_p3870_CR.root
        -0.0162860285     reading... /eos/atlas/atlascerngroupdisk/phys-higgs/HSG2/Hllvv/Run2/minitrees_rel75/mc16e/Systematics_Background/weightSyst/mc16_13TeV.410157.aMcAtNloPythia8EvtGen_MEN30NLO_A14N23LO_ttZqq.deriv.DAOD_HIGG2D1.e5070_s3126_r10724_p3870_CR.root
        -0.0323730186     reading... /eos/atlas/atlascerngroupdisk/phys-higgs/HSG2/Hllvv/Run2/minitrees_rel75/mc16e/Systematics_Background/weightSyst/mc16_13TeV.410218.aMcAtNloPythia8EvtGen_MEN30NLO_A14N23LO_ttee.deriv.DAOD_HIGG2D1.e5070_s3126_r10724_p3870_CR.root
        -0.0323081203     reading... /eos/atlas/atlascerngroupdisk/phys-higgs/HSG2/Hllvv/Run2/minitrees_rel75/mc16e/Systematics_Background/weightSyst/mc16_13TeV.410219.aMcAtNloPythia8EvtGen_MEN30NLO_A14N23LO_ttmumu.deriv.DAOD_HIGG2D1.e5070_s3126_r10724_p3870_CR.root
